10:50:34,746 (main) DEBUG [DataNucleus.General] - Using PluginRegistry org.datanucleus.plugin.NonManagedPluginRegistry
10:50:34,919 (main) DEBUG [DataNucleus.General] - Registering bundle org.eclipse.sisu.inject version 0.3.4 at URL file:/C:/Users/josur/.m2/repository/org/eclipse/sisu/org.eclipse.sisu.inject/0.3.4/org.eclipse.sisu.inject-0.3.4.jar.
10:50:35,060 (main) DEBUG [DataNucleus.General] - Leyendo extension-points y extensiones del archivo de plug-in jar:file:/C:/Users/josur/.m2/repository/org/eclipse/sisu/org.eclipse.sisu.inject/0.3.4/org.eclipse.sisu.inject-0.3.4.jar!/plugin.xml.
10:50:35,080 (main) DEBUG [DataNucleus.General] - Registering bundle org.datanucleus version 6.0.3 at URL file:/C:/Users/josur/.m2/repository/org/datanucleus/datanucleus-core/6.0.3/datanucleus-core-6.0.3.jar.
10:50:35,120 (main) DEBUG [DataNucleus.General] - Leyendo extension-points y extensiones del archivo de plug-in jar:file:/C:/Users/josur/.m2/repository/org/datanucleus/datanucleus-core/6.0.3/datanucleus-core-6.0.3.jar!/plugin.xml.
10:50:35,230 (main) DEBUG [DataNucleus.General] - Registering bundle org.datanucleus.api.jdo version 6.0.1 at URL file:/C:/Users/josur/.m2/repository/org/datanucleus/datanucleus-api-jdo/6.0.1/datanucleus-api-jdo-6.0.1.jar.
10:50:35,261 (main) DEBUG [DataNucleus.General] - Leyendo extension-points y extensiones del archivo de plug-in jar:file:/C:/Users/josur/.m2/repository/org/datanucleus/datanucleus-api-jdo/6.0.1/datanucleus-api-jdo-6.0.1.jar!/plugin.xml.
10:50:35,291 (main) DEBUG [DataNucleus.General] - Registering bundle org.datanucleus.store.rdbms version 6.0.3 at URL file:/C:/Users/josur/.m2/repository/org/datanucleus/datanucleus-rdbms/6.0.3/datanucleus-rdbms-6.0.3.jar.
10:50:35,326 (main) DEBUG [DataNucleus.General] - Leyendo extension-points y extensiones del archivo de plug-in jar:file:/C:/Users/josur/.m2/repository/org/datanucleus/datanucleus-rdbms/6.0.3/datanucleus-rdbms-6.0.3.jar!/plugin.xml.
10:50:35,530 (main) DEBUG [DataNucleus.Persistence] - Tipos de Java inicializando ...
10:50:35,959 (main) DEBUG [DataNucleus.Persistence] - Soporte para tipos de Java listo : tipos soportados = [B, [C, [D, [F, [I, [J, [Ljava.lang.Boolean;, [Ljava.lang.Byte;, [Ljava.lang.Character;, [Ljava.lang.Double;, [Ljava.lang.Enum;, [Ljava.lang.Float;, [Ljava.lang.Integer;, [Ljava.lang.Long;, [Ljava.lang.Number;, [Ljava.lang.Object;, [Ljava.lang.Short;, [Ljava.lang.String;, [Ljava.math.BigDecimal;, [Ljava.math.BigInteger;, [Ljava.util.Date;, [Ljava.util.Locale;, [S, [Z, boolean, byte, char, double, float, int, java.awt.Color, java.awt.image.BufferedImage, java.lang.Boolean, java.lang.Byte, java.lang.Character, java.lang.Class, java.lang.Double, java.lang.Enum, java.lang.Float, java.lang.Integer, java.lang.Long, java.lang.Number, java.lang.Short, java.lang.String, java.lang.StringBuffer, java.lang.StringBuilder, java.math.BigDecimal, java.math.BigInteger, java.net.URI, java.net.URL, java.sql.Date, java.sql.Time, java.sql.Timestamp, java.time.Duration, java.time.Instant, java.time.LocalDate, java.time.LocalDateTime, java.time.LocalTime, java.time.MonthDay, java.time.OffsetDateTime, java.time.OffsetTime, java.time.Period, java.time.Year, java.time.YearMonth, java.time.ZonedDateTime, java.time.ZoneId, java.time.ZoneOffset, java.util.ArrayList, java.util.Arrays$ArrayList, java.util.BitSet, java.util.Calendar, java.util.Collection, java.util.Currency, java.util.Date, java.util.GregorianCalendar, java.util.HashMap, java.util.HashSet, java.util.Hashtable, java.util.LinkedHashMap, java.util.LinkedHashSet, java.util.LinkedList, java.util.List, java.util.Locale, java.util.Map, java.util.Optional, java.util.PriorityQueue, java.util.Properties, java.util.Queue, java.util.Set, java.util.SortedMap, java.util.SortedSet, java.util.Stack, java.util.TimeZone, java.util.TreeMap, java.util.TreeSet, java.util.UUID, java.util.Vector, long, short
10:50:35,959 (main) DEBUG [DataNucleus.Persistence] - Inicializando TypeConverters ...
10:50:36,106 (main) DEBUG [DataNucleus.Persistence] - TypeConverters listo
10:50:36,109 (main) DEBUG [DataNucleus.Persistence] - TypeConverter(s) available for byte[] to : java.nio.ByteBuffer
10:50:36,110 (main) DEBUG [DataNucleus.Persistence] - TypeConverter(s) available for char[] to : java.nio.ByteBuffer
10:50:36,110 (main) DEBUG [DataNucleus.Persistence] - TypeConverter(s) available for double[] to : java.nio.ByteBuffer
10:50:36,111 (main) DEBUG [DataNucleus.Persistence] - TypeConverter(s) available for float[] to : java.nio.ByteBuffer
10:50:36,111 (main) DEBUG [DataNucleus.Persistence] - TypeConverter(s) available for int[] to : java.nio.ByteBuffer
10:50:36,112 (main) DEBUG [DataNucleus.Persistence] - TypeConverter(s) available for long[] to : java.nio.ByteBuffer
10:50:36,113 (main) DEBUG [DataNucleus.Persistence] - TypeConverter(s) available for [Ljava.math.BigDecimal; to : java.nio.ByteBuffer
10:50:36,113 (main) DEBUG [DataNucleus.Persistence] - TypeConverter(s) available for [Ljava.math.BigInteger; to : java.nio.ByteBuffer
10:50:36,114 (main) DEBUG [DataNucleus.Persistence] - TypeConverter(s) available for short[] to : java.nio.ByteBuffer
10:50:36,114 (main) DEBUG [DataNucleus.Persistence] - TypeConverter(s) available for boolean[] to : java.nio.ByteBuffer
10:50:36,114 (main) DEBUG [DataNucleus.Persistence] - TypeConverter(s) available for java.awt.Color to : int[],java.lang.String
10:50:36,116 (main) DEBUG [DataNucleus.Persistence] - TypeConverter(s) available for java.awt.image.BufferedImage to : byte[],java.nio.ByteBuffer
10:50:36,116 (main) DEBUG [DataNucleus.Persistence] - TypeConverter(s) available for java.io.Serializable to : byte[],java.nio.ByteBuffer,java.lang.String
10:50:36,117 (main) DEBUG [DataNucleus.Persistence] - TypeConverter(s) available for java.lang.Boolean to : java.lang.Character,java.lang.Integer
10:50:36,118 (main) DEBUG [DataNucleus.Persistence] - TypeConverter(s) available for java.lang.Character to : java.lang.String
10:50:36,118 (main) DEBUG [DataNucleus.Persistence] - TypeConverter(s) available for java.lang.Class to : java.lang.String
10:50:36,119 (main) DEBUG [DataNucleus.Persistence] - TypeConverter(s) available for java.lang.Integer to : java.lang.String
10:50:36,119 (main) DEBUG [DataNucleus.Persistence] - TypeConverter(s) available for java.lang.Long to : java.lang.String
10:50:36,119 (main) DEBUG [DataNucleus.Persistence] - TypeConverter(s) available for java.lang.StringBuffer to : java.lang.String
10:50:36,119 (main) DEBUG [DataNucleus.Persistence] - TypeConverter(s) available for java.lang.StringBuilder to : java.lang.String
10:50:36,120 (main) DEBUG [DataNucleus.Persistence] - TypeConverter(s) available for java.math.BigDecimal to : java.lang.String,java.lang.Double
10:50:36,120 (main) DEBUG [DataNucleus.Persistence] - TypeConverter(s) available for java.math.BigInteger to : java.lang.Long,java.lang.String
10:50:36,120 (main) DEBUG [DataNucleus.Persistence] - TypeConverter(s) available for java.net.URI to : java.lang.String
10:50:36,120 (main) DEBUG [DataNucleus.Persistence] - TypeConverter(s) available for java.net.URL to : java.lang.String
10:50:36,121 (main) DEBUG [DataNucleus.Persistence] - TypeConverter(s) available for java.sql.Date to : java.lang.Long,java.lang.String,java.util.Date
10:50:36,122 (main) DEBUG [DataNucleus.Persistence] - TypeConverter(s) available for java.sql.Time to : java.lang.Long,java.lang.String,java.util.Date
10:50:36,123 (main) DEBUG [DataNucleus.Persistence] - TypeConverter(s) available for java.sql.Timestamp to : java.lang.Long,java.lang.String,java.util.Date
10:50:36,123 (main) DEBUG [DataNucleus.Persistence] - TypeConverter(s) available for java.time.Duration to : java.lang.Long,java.lang.String,java.lang.Double
10:50:36,123 (main) DEBUG [DataNucleus.Persistence] - TypeConverter(s) available for java.time.Instant to : java.lang.Long,java.sql.Timestamp,java.lang.String,java.util.Date
10:50:36,124 (main) DEBUG [DataNucleus.Persistence] - TypeConverter(s) available for java.time.LocalDate to : java.sql.Date,java.lang.String,java.util.Date
10:50:36,124 (main) DEBUG [DataNucleus.Persistence] - TypeConverter(s) available for java.time.LocalDateTime to : java.sql.Timestamp,java.lang.String,java.util.Date
10:50:36,125 (main) DEBUG [DataNucleus.Persistence] - TypeConverter(s) available for java.time.LocalTime to : java.lang.Long,java.sql.Time,java.lang.String,java.util.Date
10:50:36,125 (main) DEBUG [DataNucleus.Persistence] - TypeConverter(s) available for java.time.MonthDay to : int[],java.sql.Date,java.lang.String,java.util.Date
10:50:36,126 (main) DEBUG [DataNucleus.Persistence] - TypeConverter(s) available for java.time.OffsetDateTime to : java.sql.Timestamp,java.lang.String,java.util.Date
10:50:36,126 (main) DEBUG [DataNucleus.Persistence] - TypeConverter(s) available for java.time.OffsetTime to : java.lang.Long,java.sql.Time,java.lang.String
10:50:36,126 (main) DEBUG [DataNucleus.Persistence] - TypeConverter(s) available for java.time.Period to : int[],java.lang.String
10:50:36,127 (main) DEBUG [DataNucleus.Persistence] - TypeConverter(s) available for java.time.Year to : java.lang.String,java.lang.Integer
10:50:36,127 (main) DEBUG [DataNucleus.Persistence] - TypeConverter(s) available for java.time.YearMonth to : int[],java.sql.Date,java.lang.String,java.util.Date
10:50:36,127 (main) DEBUG [DataNucleus.Persistence] - TypeConverter(s) available for java.time.ZonedDateTime to : java.sql.Timestamp,java.lang.String
10:50:36,129 (main) DEBUG [DataNucleus.Persistence] - TypeConverter(s) available for java.time.ZoneId to : java.lang.String
10:50:36,130 (main) DEBUG [DataNucleus.Persistence] - TypeConverter(s) available for java.time.ZoneOffset to : java.lang.String
10:50:36,131 (main) DEBUG [DataNucleus.Persistence] - TypeConverter(s) available for java.util.BitSet to : java.lang.String
10:50:36,133 (main) DEBUG [DataNucleus.Persistence] - TypeConverter(s) available for java.util.Calendar to : java.sql.Timestamp,java.lang.String,[Ljava.lang.Object;,java.util.Date
10:50:36,135 (main) DEBUG [DataNucleus.Persistence] - TypeConverter(s) available for java.util.Currency to : java.lang.String
10:50:36,136 (main) DEBUG [DataNucleus.Persistence] - TypeConverter(s) available for java.util.Date to : java.lang.Long,java.lang.String
10:50:36,136 (main) DEBUG [DataNucleus.Persistence] - TypeConverter(s) available for java.util.Locale to : java.lang.String
10:50:36,137 (main) DEBUG [DataNucleus.Persistence] - TypeConverter(s) available for java.util.TimeZone to : java.lang.String
10:50:36,137 (main) DEBUG [DataNucleus.Persistence] - TypeConverter(s) available for java.util.UUID to : java.lang.String
10:50:36,204 (main) DEBUG [DataNucleus.MetaData] - MetaDataManager : Input=(XML,Annotations), XML-Validation=false, XML-Suffices=(persistence=*.jdo, orm=orm, query=*.jdoquery), JDO-listener=false
10:50:36,205 (main) INFO  [DataNucleus.Enhancer] - DataNucleus Enhancer (versión 6.0.3) para el API "JDO" utilisando el JRE "{2}"
10:50:36,206 (main) DEBUG [DataNucleus.Enhancer] - DataNucleus Enhancer : Classpath
10:50:36,207 (main) DEBUG [DataNucleus.Enhancer] - >>  C:\Users\josur\.m2\repository\org\datanucleus\datanucleus-maven-plugin\6.0.0-release\datanucleus-maven-plugin-6.0.0-release.jar
10:50:36,208 (main) DEBUG [DataNucleus.Enhancer] - >>  C:\Users\josur\.m2\repository\org\codehaus\plexus\plexus-utils\3.3.0\plexus-utils-3.3.0.jar
10:50:36,208 (main) DEBUG [DataNucleus.Enhancer] - >>  C:\Users\josur\.m2\repository\org\apache\maven\maven-artifact\3.8.1\maven-artifact-3.8.1.jar
10:50:36,209 (main) DEBUG [DataNucleus.Enhancer] - >>  C:\Users\josur\.m2\repository\org\apache\commons\commons-lang3\3.8.1\commons-lang3-3.8.1.jar
10:50:36,209 (main) DEBUG [DataNucleus.Enhancer] - >>  C:\Users\josur\.m2\repository\org\apache\maven\maven-plugin-api\3.8.1\maven-plugin-api-3.8.1.jar
10:50:36,210 (main) DEBUG [DataNucleus.Enhancer] - >>  C:\Users\josur\.m2\repository\org\apache\maven\maven-model\3.8.1\maven-model-3.8.1.jar
10:50:36,210 (main) DEBUG [DataNucleus.Enhancer] - >>  C:\Users\josur\.m2\repository\org\eclipse\sisu\org.eclipse.sisu.plexus\0.3.4\org.eclipse.sisu.plexus-0.3.4.jar
10:50:36,211 (main) DEBUG [DataNucleus.Enhancer] - >>  C:\Users\josur\.m2\repository\javax\enterprise\cdi-api\1.0\cdi-api-1.0.jar
10:50:36,213 (main) DEBUG [DataNucleus.Enhancer] - >>  C:\Users\josur\.m2\repository\javax\annotation\jsr250-api\1.0\jsr250-api-1.0.jar
10:50:36,219 (main) DEBUG [DataNucleus.Enhancer] - >>  C:\Users\josur\.m2\repository\javax\inject\javax.inject\1\javax.inject-1.jar
10:50:36,221 (main) DEBUG [DataNucleus.Enhancer] - >>  C:\Users\josur\.m2\repository\org\eclipse\sisu\org.eclipse.sisu.inject\0.3.4\org.eclipse.sisu.inject-0.3.4.jar
10:50:36,224 (main) DEBUG [DataNucleus.Enhancer] - >>  C:\Users\josur\.m2\repository\org\codehaus\plexus\plexus-component-annotations\1.5.5\plexus-component-annotations-1.5.5.jar
10:50:36,224 (main) DEBUG [DataNucleus.Enhancer] - >>  C:\Users\josur\.m2\repository\org\codehaus\plexus\plexus-classworlds\2.6.0\plexus-classworlds-2.6.0.jar
10:50:36,225 (main) DEBUG [DataNucleus.Enhancer] - >>  C:\Users\josur\.m2\repository\org\codehaus\plexus\plexus-container-default\2.1.0\plexus-container-default-2.1.0.jar
10:50:36,226 (main) DEBUG [DataNucleus.Enhancer] - >>  C:\Users\josur\.m2\repository\org\apache\xbean\xbean-reflect\3.7\xbean-reflect-3.7.jar
10:50:36,226 (main) DEBUG [DataNucleus.Enhancer] - >>  C:\Users\josur\.m2\repository\com\google\collections\google-collections\1.0\google-collections-1.0.jar
10:50:36,228 (main) DEBUG [DataNucleus.Enhancer] - >>  C:\Users\josur\Documents\clase\maven-examples\example-jersey-jdo-mysql\target\classes
10:50:36,229 (main) DEBUG [DataNucleus.Enhancer] - >>  C:\Users\josur\.m2\repository\org\datanucleus\javax.jdo\3.2.1\javax.jdo-3.2.1.jar
10:50:36,230 (main) DEBUG [DataNucleus.Enhancer] - >>  C:\Users\josur\.m2\repository\javax\transaction\javax.transaction-api\1.3\javax.transaction-api-1.3.jar
10:50:36,231 (main) DEBUG [DataNucleus.Enhancer] - >>  C:\Users\josur\.m2\repository\org\glassfish\corba\glassfish-corba-omgapi\4.2.2\glassfish-corba-omgapi-4.2.2.jar
10:50:36,232 (main) DEBUG [DataNucleus.Enhancer] - >>  C:\Users\josur\.m2\repository\org\datanucleus\datanucleus-core\6.0.3\datanucleus-core-6.0.3.jar
10:50:36,234 (main) DEBUG [DataNucleus.Enhancer] - >>  C:\Users\josur\.m2\repository\org\datanucleus\datanucleus-api-jdo\6.0.1\datanucleus-api-jdo-6.0.1.jar
10:50:36,238 (main) DEBUG [DataNucleus.Enhancer] - >>  C:\Users\josur\.m2\repository\org\datanucleus\datanucleus-rdbms\6.0.3\datanucleus-rdbms-6.0.3.jar
10:50:36,239 (main) DEBUG [DataNucleus.Enhancer] - >>  C:\Users\josur\.m2\repository\mysql\mysql-connector-java\8.0.29\mysql-connector-java-8.0.29.jar
10:50:36,240 (main) DEBUG [DataNucleus.Enhancer] - >>  C:\Users\josur\.m2\repository\com\google\protobuf\protobuf-java\3.19.4\protobuf-java-3.19.4.jar
10:50:36,241 (main) DEBUG [DataNucleus.Enhancer] - >>  C:\Users\josur\.m2\repository\org\apache\logging\log4j\log4j-api\2.20.0\log4j-api-2.20.0.jar
10:50:36,243 (main) DEBUG [DataNucleus.Enhancer] - >>  C:\Users\josur\.m2\repository\org\apache\logging\log4j\log4j-core\2.20.0\log4j-core-2.20.0.jar
10:50:36,246 (main) DEBUG [DataNucleus.Enhancer] - >>  C:\Users\josur\.m2\repository\org\glassfish\jersey\containers\jersey-container-servlet-core\2.35\jersey-container-servlet-core-2.35.jar
10:50:36,246 (main) DEBUG [DataNucleus.Enhancer] - >>  C:\Users\josur\.m2\repository\org\glassfish\hk2\external\jakarta.inject\2.6.1\jakarta.inject-2.6.1.jar
10:50:36,247 (main) DEBUG [DataNucleus.Enhancer] - >>  C:\Users\josur\.m2\repository\org\glassfish\jersey\core\jersey-common\2.35\jersey-common-2.35.jar
10:50:36,248 (main) DEBUG [DataNucleus.Enhancer] - >>  C:\Users\josur\.m2\repository\jakarta\annotation\jakarta.annotation-api\1.3.5\jakarta.annotation-api-1.3.5.jar
10:50:36,250 (main) DEBUG [DataNucleus.Enhancer] - >>  C:\Users\josur\.m2\repository\org\glassfish\hk2\osgi-resource-locator\1.0.3\osgi-resource-locator-1.0.3.jar
10:50:36,252 (main) DEBUG [DataNucleus.Enhancer] - >>  C:\Users\josur\.m2\repository\org\glassfish\jersey\core\jersey-server\2.35\jersey-server-2.35.jar
10:50:36,253 (main) DEBUG [DataNucleus.Enhancer] - >>  C:\Users\josur\.m2\repository\org\glassfish\jersey\core\jersey-client\2.35\jersey-client-2.35.jar
10:50:36,254 (main) DEBUG [DataNucleus.Enhancer] - >>  C:\Users\josur\.m2\repository\jakarta\validation\jakarta.validation-api\2.0.2\jakarta.validation-api-2.0.2.jar
10:50:36,254 (main) DEBUG [DataNucleus.Enhancer] - >>  C:\Users\josur\.m2\repository\jakarta\ws\rs\jakarta.ws.rs-api\2.1.6\jakarta.ws.rs-api-2.1.6.jar
10:50:36,257 (main) DEBUG [DataNucleus.Enhancer] - >>  C:\Users\josur\.m2\repository\org\glassfish\jersey\inject\jersey-hk2\2.35\jersey-hk2-2.35.jar
10:50:36,257 (main) DEBUG [DataNucleus.Enhancer] - >>  C:\Users\josur\.m2\repository\org\glassfish\hk2\hk2-locator\2.6.1\hk2-locator-2.6.1.jar
10:50:36,258 (main) DEBUG [DataNucleus.Enhancer] - >>  C:\Users\josur\.m2\repository\org\glassfish\hk2\external\aopalliance-repackaged\2.6.1\aopalliance-repackaged-2.6.1.jar
10:50:36,258 (main) DEBUG [DataNucleus.Enhancer] - >>  C:\Users\josur\.m2\repository\org\glassfish\hk2\hk2-api\2.6.1\hk2-api-2.6.1.jar
10:50:36,259 (main) DEBUG [DataNucleus.Enhancer] - >>  C:\Users\josur\.m2\repository\org\glassfish\hk2\hk2-utils\2.6.1\hk2-utils-2.6.1.jar
10:50:36,259 (main) DEBUG [DataNucleus.Enhancer] - >>  C:\Users\josur\.m2\repository\org\javassist\javassist\3.25.0-GA\javassist-3.25.0-GA.jar
10:50:36,259 (main) DEBUG [DataNucleus.Enhancer] - >>  C:\Users\josur\.m2\repository\org\glassfish\jersey\media\jersey-media-json-jackson\2.35\jersey-media-json-jackson-2.35.jar
10:50:36,260 (main) DEBUG [DataNucleus.Enhancer] - >>  C:\Users\josur\.m2\repository\org\glassfish\jersey\ext\jersey-entity-filtering\2.35\jersey-entity-filtering-2.35.jar
10:50:36,260 (main) DEBUG [DataNucleus.Enhancer] - >>  C:\Users\josur\.m2\repository\com\fasterxml\jackson\core\jackson-annotations\2.12.2\jackson-annotations-2.12.2.jar
10:50:36,260 (main) DEBUG [DataNucleus.Enhancer] - >>  C:\Users\josur\.m2\repository\com\fasterxml\jackson\core\jackson-databind\2.12.2\jackson-databind-2.12.2.jar
10:50:36,260 (main) DEBUG [DataNucleus.Enhancer] - >>  C:\Users\josur\.m2\repository\com\fasterxml\jackson\core\jackson-core\2.12.2\jackson-core-2.12.2.jar
10:50:36,261 (main) DEBUG [DataNucleus.Enhancer] - >>  C:\Users\josur\.m2\repository\com\fasterxml\jackson\module\jackson-module-jaxb-annotations\2.12.2\jackson-module-jaxb-annotations-2.12.2.jar
10:50:36,263 (main) DEBUG [DataNucleus.Enhancer] - >>  C:\Users\josur\.m2\repository\jakarta\xml\bind\jakarta.xml.bind-api\2.3.2\jakarta.xml.bind-api-2.3.2.jar
10:50:36,264 (main) DEBUG [DataNucleus.Enhancer] - >>  C:\Users\josur\.m2\repository\jakarta\activation\jakarta.activation-api\1.2.1\jakarta.activation-api-1.2.1.jar
10:50:36,267 (main) DEBUG [DataNucleus.Enhancer] - Reading fileListFile: C:\Users\josur\AppData\Local\Temp\enhancer-7321830853878485033.flf
10:50:36,274 (main) DEBUG [DataNucleus.Enhancer] - Enhancing classes
10:50:36,321 (main) DEBUG [DataNucleus.MetaData] - MetaData Management : Carga de Metadata de las clases "[es.deusto.spq.client.ExampleClient, es.deusto.spq.pojo.DirectMessage, es.deusto.spq.pojo.MessageData, es.deusto.spq.pojo.UserData, es.deusto.spq.server.jdo.Message, es.deusto.spq.server.jdo.User, es.deusto.spq.server.Resource]" ...
10:50:36,340 (main) DEBUG [DataNucleus.MetaData] - No encontramos el MetaData del tipo "jdo" por la clase "es.deusto.spq.client.ExampleClient" en /META-INF/package.jdo
10:50:36,341 (main) DEBUG [DataNucleus.MetaData] - No encontramos el MetaData del tipo "jdo" por la clase "es.deusto.spq.client.ExampleClient" en /WEB-INF/package.jdo
10:50:36,343 (main) DEBUG [DataNucleus.MetaData] - No encontramos el MetaData del tipo "jdo" por la clase "es.deusto.spq.client.ExampleClient" en /package.jdo
10:50:36,344 (main) DEBUG [DataNucleus.MetaData] - No encontramos el MetaData del tipo "jdo" por la clase "es.deusto.spq.client.ExampleClient" en /es/package.jdo
10:50:36,347 (main) DEBUG [DataNucleus.MetaData] - No encontramos el MetaData del tipo "jdo" por la clase "es.deusto.spq.client.ExampleClient" en /es/deusto/package.jdo
10:50:36,349 (main) DEBUG [DataNucleus.MetaData] - No encontramos el MetaData del tipo "jdo" por la clase "es.deusto.spq.client.ExampleClient" en /es/deusto/spq/package.jdo
10:50:36,352 (main) DEBUG [DataNucleus.MetaData] - No encontramos el MetaData del tipo "jdo" por la clase "es.deusto.spq.client.ExampleClient" en /es/deusto/spq/client/package.jdo
10:50:36,354 (main) DEBUG [DataNucleus.MetaData] - No encontramos el MetaData del tipo "jdo" por la clase "es.deusto.spq.client.ExampleClient" en /es/deusto/spq/client/ExampleClient.jdo
10:50:36,355 (main) DEBUG [DataNucleus.MetaData] - No hemos encontrado el MetaData del tipo "jdo" por la clase "es.deusto.spq.client.ExampleClient"
10:50:36,356 (main) DEBUG [DataNucleus.MetaData] - Registrando la clase "es.deusto.spq.client.ExampleClient" no tener Meta-Data
10:50:36,357 (main) DEBUG [DataNucleus.MetaData] - La clase "es.deusto.spq.client.ExampleClient" no tiene MetaData o annotaciones.
10:50:36,368 (main) DEBUG [DataNucleus.MetaData] - No encontramos el MetaData del tipo "jdo" por la clase "es.deusto.spq.pojo.DirectMessage" en /META-INF/package.jdo
10:50:36,370 (main) DEBUG [DataNucleus.MetaData] - No encontramos el MetaData del tipo "jdo" por la clase "es.deusto.spq.pojo.DirectMessage" en /WEB-INF/package.jdo
10:50:36,373 (main) DEBUG [DataNucleus.MetaData] - No encontramos el MetaData del tipo "jdo" por la clase "es.deusto.spq.pojo.DirectMessage" en /package.jdo
10:50:36,374 (main) DEBUG [DataNucleus.MetaData] - No encontramos el MetaData del tipo "jdo" por la clase "es.deusto.spq.pojo.DirectMessage" en /es/package.jdo
10:50:36,376 (main) DEBUG [DataNucleus.MetaData] - No encontramos el MetaData del tipo "jdo" por la clase "es.deusto.spq.pojo.DirectMessage" en /es/deusto/package.jdo
10:50:36,378 (main) DEBUG [DataNucleus.MetaData] - No encontramos el MetaData del tipo "jdo" por la clase "es.deusto.spq.pojo.DirectMessage" en /es/deusto/spq/package.jdo
10:50:36,381 (main) DEBUG [DataNucleus.MetaData] - No encontramos el MetaData del tipo "jdo" por la clase "es.deusto.spq.pojo.DirectMessage" en /es/deusto/spq/pojo/package.jdo
10:50:36,383 (main) DEBUG [DataNucleus.MetaData] - No encontramos el MetaData del tipo "jdo" por la clase "es.deusto.spq.pojo.DirectMessage" en /es/deusto/spq/pojo/DirectMessage.jdo
10:50:36,384 (main) DEBUG [DataNucleus.MetaData] - No hemos encontrado el MetaData del tipo "jdo" por la clase "es.deusto.spq.pojo.DirectMessage"
10:50:36,390 (main) DEBUG [DataNucleus.MetaData] - Registrando la clase "es.deusto.spq.pojo.DirectMessage" no tener Meta-Data
10:50:36,391 (main) DEBUG [DataNucleus.MetaData] - La clase "es.deusto.spq.pojo.DirectMessage" no tiene MetaData o annotaciones.
10:50:36,398 (main) DEBUG [DataNucleus.MetaData] - No encontramos el MetaData del tipo "jdo" por la clase "es.deusto.spq.pojo.MessageData" en /META-INF/package.jdo
10:50:36,400 (main) DEBUG [DataNucleus.MetaData] - No encontramos el MetaData del tipo "jdo" por la clase "es.deusto.spq.pojo.MessageData" en /WEB-INF/package.jdo
10:50:36,402 (main) DEBUG [DataNucleus.MetaData] - No encontramos el MetaData del tipo "jdo" por la clase "es.deusto.spq.pojo.MessageData" en /package.jdo
10:50:36,404 (main) DEBUG [DataNucleus.MetaData] - No encontramos el MetaData del tipo "jdo" por la clase "es.deusto.spq.pojo.MessageData" en /es/package.jdo
10:50:36,406 (main) DEBUG [DataNucleus.MetaData] - No encontramos el MetaData del tipo "jdo" por la clase "es.deusto.spq.pojo.MessageData" en /es/deusto/package.jdo
10:50:36,408 (main) DEBUG [DataNucleus.MetaData] - No encontramos el MetaData del tipo "jdo" por la clase "es.deusto.spq.pojo.MessageData" en /es/deusto/spq/package.jdo
10:50:36,410 (main) DEBUG [DataNucleus.MetaData] - No encontramos el MetaData del tipo "jdo" por la clase "es.deusto.spq.pojo.MessageData" en /es/deusto/spq/pojo/package.jdo
10:50:36,413 (main) DEBUG [DataNucleus.MetaData] - No encontramos el MetaData del tipo "jdo" por la clase "es.deusto.spq.pojo.MessageData" en /es/deusto/spq/pojo/MessageData.jdo
10:50:36,414 (main) DEBUG [DataNucleus.MetaData] - No hemos encontrado el MetaData del tipo "jdo" por la clase "es.deusto.spq.pojo.MessageData"
10:50:36,414 (main) DEBUG [DataNucleus.MetaData] - Registrando la clase "es.deusto.spq.pojo.MessageData" no tener Meta-Data
10:50:36,415 (main) DEBUG [DataNucleus.MetaData] - La clase "es.deusto.spq.pojo.MessageData" no tiene MetaData o annotaciones.
10:50:36,423 (main) DEBUG [DataNucleus.MetaData] - No encontramos el MetaData del tipo "jdo" por la clase "es.deusto.spq.pojo.UserData" en /META-INF/package.jdo
10:50:36,425 (main) DEBUG [DataNucleus.MetaData] - No encontramos el MetaData del tipo "jdo" por la clase "es.deusto.spq.pojo.UserData" en /WEB-INF/package.jdo
10:50:36,430 (main) DEBUG [DataNucleus.MetaData] - No encontramos el MetaData del tipo "jdo" por la clase "es.deusto.spq.pojo.UserData" en /package.jdo
10:50:36,431 (main) DEBUG [DataNucleus.MetaData] - No encontramos el MetaData del tipo "jdo" por la clase "es.deusto.spq.pojo.UserData" en /es/package.jdo
10:50:36,438 (main) DEBUG [DataNucleus.MetaData] - No encontramos el MetaData del tipo "jdo" por la clase "es.deusto.spq.pojo.UserData" en /es/deusto/package.jdo
10:50:36,440 (main) DEBUG [DataNucleus.MetaData] - No encontramos el MetaData del tipo "jdo" por la clase "es.deusto.spq.pojo.UserData" en /es/deusto/spq/package.jdo
10:50:36,441 (main) DEBUG [DataNucleus.MetaData] - No encontramos el MetaData del tipo "jdo" por la clase "es.deusto.spq.pojo.UserData" en /es/deusto/spq/pojo/package.jdo
10:50:36,475 (main) DEBUG [DataNucleus.MetaData] - No encontramos el MetaData del tipo "jdo" por la clase "es.deusto.spq.pojo.UserData" en /es/deusto/spq/pojo/UserData.jdo
10:50:36,476 (main) DEBUG [DataNucleus.MetaData] - No hemos encontrado el MetaData del tipo "jdo" por la clase "es.deusto.spq.pojo.UserData"
10:50:36,476 (main) DEBUG [DataNucleus.MetaData] - Registrando la clase "es.deusto.spq.pojo.UserData" no tener Meta-Data
10:50:36,476 (main) DEBUG [DataNucleus.MetaData] - La clase "es.deusto.spq.pojo.UserData" no tiene MetaData o annotaciones.
10:50:36,608 (main) DEBUG [DataNucleus.MetaData] - Clase "es.deusto.spq.server.jdo.Message" tiene anotaciones de JDO y vamos a usarlas.
10:50:36,615 (main) DEBUG [DataNucleus.MetaData] - Clase "es.deusto.spq.server.jdo.User" tiene anotaciones de JDO y vamos a usarlas.
10:50:36,693 (main) DEBUG [DataNucleus.MetaData] - Clase "es.deusto.spq.server.Resource" tiene anotaciones pero no hay ningún AnnotationReader registrado para este tipo de anotaciones. Por favor compruebe el CLASSPATH y las anotaciones para validez.
10:50:36,695 (main) DEBUG [DataNucleus.MetaData] - No encontramos el MetaData del tipo "jdo" por la clase "es.deusto.spq.server.Resource" en /META-INF/package.jdo
10:50:36,697 (main) DEBUG [DataNucleus.MetaData] - No encontramos el MetaData del tipo "jdo" por la clase "es.deusto.spq.server.Resource" en /WEB-INF/package.jdo
10:50:36,699 (main) DEBUG [DataNucleus.MetaData] - No encontramos el MetaData del tipo "jdo" por la clase "es.deusto.spq.server.Resource" en /package.jdo
10:50:36,701 (main) DEBUG [DataNucleus.MetaData] - No encontramos el MetaData del tipo "jdo" por la clase "es.deusto.spq.server.Resource" en /es/package.jdo
10:50:36,703 (main) DEBUG [DataNucleus.MetaData] - No encontramos el MetaData del tipo "jdo" por la clase "es.deusto.spq.server.Resource" en /es/deusto/package.jdo
10:50:36,704 (main) DEBUG [DataNucleus.MetaData] - No encontramos el MetaData del tipo "jdo" por la clase "es.deusto.spq.server.Resource" en /es/deusto/spq/package.jdo
10:50:36,705 (main) DEBUG [DataNucleus.MetaData] - No encontramos el MetaData del tipo "jdo" por la clase "es.deusto.spq.server.Resource" en /es/deusto/spq/server/package.jdo
10:50:36,707 (main) DEBUG [DataNucleus.MetaData] - No encontramos el MetaData del tipo "jdo" por la clase "es.deusto.spq.server.Resource" en /es/deusto/spq/server/Resource.jdo
10:50:36,707 (main) DEBUG [DataNucleus.MetaData] - No hemos encontrado el MetaData del tipo "jdo" por la clase "es.deusto.spq.server.Resource"
10:50:36,707 (main) DEBUG [DataNucleus.MetaData] - Clase "es.deusto.spq.server.Resource" tiene anotaciones pero no hay ningún AnnotationReader registrado para este tipo de anotaciones. Por favor compruebe el CLASSPATH y las anotaciones para validez.
10:50:36,708 (main) DEBUG [DataNucleus.MetaData] - Registrando la clase "es.deusto.spq.server.Resource" no tener Meta-Data
10:50:36,708 (main) DEBUG [DataNucleus.MetaData] - La clase "es.deusto.spq.server.Resource" no tiene MetaData o annotaciones.
10:50:36,708 (main) DEBUG [DataNucleus.MetaData] - Populación del MetaData ...
10:50:36,710 (main) DEBUG [DataNucleus.MetaData] - Clase "es.deusto.spq.server.jdo.Message" : Populando Meta-Data
10:50:36,711 (main) DEBUG [DataNucleus.MetaData] - Clase "es.deusto.spq.server.jdo.Message" campo "user" : añadiendo el Meta-Data por el campo como no estaba en la definición de Meta-Data.
10:50:36,711 (main) DEBUG [DataNucleus.MetaData] - Clase "es.deusto.spq.server.jdo.Message" campo "text" : añadiendo el Meta-Data por el campo como no estaba en la definición de Meta-Data.
10:50:36,712 (main) DEBUG [DataNucleus.MetaData] - Clase "es.deusto.spq.server.jdo.Message" campo "timestamp" : añadiendo el Meta-Data por el campo como no estaba en la definición de Meta-Data.
10:50:36,719 (main) DEBUG [DataNucleus.MetaData] - Clase "es.deusto.spq.server.jdo.User" : Populando Meta-Data
10:50:36,720 (main) DEBUG [DataNucleus.MetaData] - Clase "es.deusto.spq.server.jdo.User" campo "password" : añadiendo el Meta-Data por el campo como no estaba en la definición de Meta-Data.
10:50:36,723 (main) DEBUG [DataNucleus.MetaData] - Inicialisación del MetaData ...
10:50:36,725 (main) DEBUG [DataNucleus.MetaData] - Clase "es.deusto.spq.server.jdo.Message" : Inicializando Meta-Data
10:50:36,728 (main) DEBUG [DataNucleus.MetaData] - Clase "es.deusto.spq.server.jdo.User" : Inicializando Meta-Data
10:50:36,734 (main) DEBUG [DataNucleus.MetaData] - MetaData Management : Carga de Metadata ya ha terminado
10:50:36,746 (main) DEBUG [DataNucleus.Enhancer] - Enhance de la clase "es.deusto.spq.server.jdo.Message" empezando ...
10:50:36,806 (main) DEBUG [DataNucleus.Enhancer] - La clase "es.deusto.spq.server.jdo.Message" no implementa el interfaz "org.datanucleus.enhancement.Persistable"!
10:50:36,807 (main) DEBUG [DataNucleus.Enhancer] - La clase "es.deusto.spq.server.jdo.Message" no tiene el campo "dnStateManager" pero lo necesita
10:50:36,807 (main) DEBUG [DataNucleus.Enhancer] - La clase "es.deusto.spq.server.jdo.Message" no tiene el campo "dnInheritedFieldCount" pero lo necesita
10:50:36,808 (main) DEBUG [DataNucleus.Enhancer] - La clase "es.deusto.spq.server.jdo.Message" no tiene el campo "dnFlags" pero lo necesita
10:50:36,808 (main) DEBUG [DataNucleus.Enhancer] - La clase "es.deusto.spq.server.jdo.Message" no tiene el campo "dnFieldNames" pero lo necesita
10:50:36,808 (main) DEBUG [DataNucleus.Enhancer] - La clase "es.deusto.spq.server.jdo.Message" no tiene el metodo "dnReplaceField" pero lo necesita
10:50:36,809 (main) DEBUG [DataNucleus.Enhancer] - La clase "es.deusto.spq.server.jdo.Message" no tiene el metodo "dnGetStateManager" pero lo necesita
10:50:36,809 (main) DEBUG [DataNucleus.Enhancer] - La clase "es.deusto.spq.server.jdo.Message" no tiene el metodo "dnIsTransactional" pero lo necesita
10:50:36,809 (main) DEBUG [DataNucleus.Enhancer] - La clase "es.deusto.spq.server.jdo.Message" no tiene el metodo "dnNewInstance" pero lo necesita
10:50:36,810 (main) DEBUG [DataNucleus.Enhancer] - La clase "es.deusto.spq.server.jdo.Message" no tiene el metodo "dnNewInstance" pero lo necesita
10:50:36,810 (main) DEBUG [DataNucleus.Enhancer] - La clase "es.deusto.spq.server.jdo.Message" no tiene el metodo "dnProvideFields" pero lo necesita
10:50:36,810 (main) DEBUG [DataNucleus.Enhancer] - La clase "es.deusto.spq.server.jdo.Message" no tiene el metodo "___dn$loadClass" pero lo necesita
10:50:36,811 (main) DEBUG [DataNucleus.Enhancer] - La clase "es.deusto.spq.server.jdo.Message" no tiene el metodo "dnGetManagedFieldCount" pero lo necesita
10:50:36,811 (main) DEBUG [DataNucleus.Enhancer] - La clase "es.deusto.spq.server.jdo.Message" no tiene el metodo "dnIsDirty" pero lo necesita
10:50:36,812 (main) DEBUG [DataNucleus.Enhancer] - La clase "es.deusto.spq.server.jdo.Message" no tiene el metodo "dnReplaceStateManager" pero lo necesita
10:50:36,813 (main) DEBUG [DataNucleus.Enhancer] - La clase "es.deusto.spq.server.jdo.Message" no tiene el metodo "dnReplaceFlags" pero lo necesita
10:50:36,813 (main) DEBUG [DataNucleus.Enhancer] - La clase "es.deusto.spq.server.jdo.Message" no tiene el metodo "dnIsDetached" pero lo necesita
10:50:36,814 (main) DEBUG [DataNucleus.Enhancer] - La clase "es.deusto.spq.server.jdo.Message" no tiene el metodo "dnMakeDirty" pero lo necesita
10:50:36,814 (main) DEBUG [DataNucleus.Enhancer] - La clase "es.deusto.spq.server.jdo.Message" no tiene el metodo "dnIsDeleted" pero lo necesita
10:50:36,815 (main) DEBUG [DataNucleus.Enhancer] - La clase "es.deusto.spq.server.jdo.Message" no tiene el metodo "dnProvideField" pero lo necesita
10:50:36,815 (main) DEBUG [DataNucleus.Enhancer] - La clase "es.deusto.spq.server.jdo.Message" no tiene el metodo "dnPreSerialize" pero lo necesita
10:50:36,817 (main) DEBUG [DataNucleus.Enhancer] - La clase "es.deusto.spq.server.jdo.Message" no tiene el metodo "dnGetObjectId" pero lo necesita
10:50:36,817 (main) DEBUG [DataNucleus.Enhancer] - La clase "es.deusto.spq.server.jdo.Message" no tiene el metodo "dnGetVersion" pero lo necesita
10:50:36,818 (main) DEBUG [DataNucleus.Enhancer] - La clase "es.deusto.spq.server.jdo.Message" no tiene el metodo "dnGetTransactionalObjectId" pero lo necesita
10:50:36,818 (main) DEBUG [DataNucleus.Enhancer] - La clase "es.deusto.spq.server.jdo.Message" no tiene el metodo "dnIsNew" pero lo necesita
10:50:36,819 (main) DEBUG [DataNucleus.Enhancer] - La clase "es.deusto.spq.server.jdo.Message" no tiene el metodo "dnCopyKeyFieldsToObjectId" pero lo necesita
10:50:36,819 (main) DEBUG [DataNucleus.Enhancer] - La clase "es.deusto.spq.server.jdo.Message" no tiene el metodo "dnCopyKeyFieldsToObjectId" pero lo necesita
10:50:36,819 (main) DEBUG [DataNucleus.Enhancer] - La clase "es.deusto.spq.server.jdo.Message" no tiene el metodo "dnCopyField" pero lo necesita
10:50:36,819 (main) DEBUG [DataNucleus.Enhancer] - La clase "es.deusto.spq.server.jdo.Message" no tiene el metodo "dnCopyKeyFieldsFromObjectId" pero lo necesita
10:50:36,819 (main) DEBUG [DataNucleus.Enhancer] - La clase "es.deusto.spq.server.jdo.Message" no tiene el metodo "dnCopyKeyFieldsFromObjectId" pero lo necesita
10:50:36,820 (main) DEBUG [DataNucleus.Enhancer] - La clase "es.deusto.spq.server.jdo.Message" no tiene el metodo "dnGetExecutionContext" pero lo necesita
10:50:36,820 (main) DEBUG [DataNucleus.Enhancer] - La clase "es.deusto.spq.server.jdo.Message" no tiene el metodo "dnCopyFields" pero lo necesita
10:50:36,820 (main) DEBUG [DataNucleus.Enhancer] - La clase "es.deusto.spq.server.jdo.Message" no tiene el metodo "__dnGetInheritedFieldCount" pero lo necesita
10:50:36,820 (main) DEBUG [DataNucleus.Enhancer] - La clase "es.deusto.spq.server.jdo.Message" no tiene el metodo "dnNewObjectIdInstance" pero lo necesita
10:50:36,820 (main) DEBUG [DataNucleus.Enhancer] - La clase "es.deusto.spq.server.jdo.Message" no tiene el metodo "dnNewObjectIdInstance" pero lo necesita
10:50:36,821 (main) DEBUG [DataNucleus.Enhancer] - La clase "es.deusto.spq.server.jdo.Message" no tiene el metodo "dnIsPersistent" pero lo necesita
10:50:36,821 (main) DEBUG [DataNucleus.Enhancer] - La clase "es.deusto.spq.server.jdo.Message" no tiene el metodo "dnReplaceFields" pero lo necesita
10:50:36,822 (main) DEBUG [DataNucleus.Enhancer] - La clase "es.deusto.spq.server.jdo.Message" no tiene el metodo "__dnFieldNamesInit" pero lo necesita
10:50:36,865 (main) DEBUG [DataNucleus.Enhancer] - Agregando el interfaz: org.datanucleus.enhancement.Persistable
10:50:36,877 (main) DEBUG [DataNucleus.Enhancer] - Enhancing metodo original es.deusto.spq.server.jdo.Message.<init> : ignorando enhance de set del campo "es.deusto.spq.server.jdo.Message.user"
10:50:36,877 (main) DEBUG [DataNucleus.Enhancer] - Enhancing metodo original es.deusto.spq.server.jdo.Message.<init> : ignorando enhance de set del campo "es.deusto.spq.server.jdo.Message.text"
10:50:36,879 (main) DEBUG [DataNucleus.Enhancer] - Enhancing metodo original es.deusto.spq.server.jdo.Message.<init> : ignorando enhance de set del campo "es.deusto.spq.server.jdo.Message.text"
10:50:36,880 (main) DEBUG [DataNucleus.Enhancer] - Enhancing metodo original es.deusto.spq.server.jdo.Message.<init> : ignorando enhance de set del campo "es.deusto.spq.server.jdo.Message.timestamp"
10:50:36,892 (main) DEBUG [DataNucleus.Enhancer] - Enhancing metodo original es.deusto.spq.server.jdo.Message.getUser, cambiando el uso del campo "es.deusto.spq.server.jdo.Message.user" para utilisar "dnGetuser()"
10:50:36,894 (main) DEBUG [DataNucleus.Enhancer] - Enhancing metodo original es.deusto.spq.server.jdo.Message.setUser, cambiando el uso del campo "es.deusto.spq.server.jdo.Message.user" para utilisar "dnSetuser()"
10:50:36,896 (main) DEBUG [DataNucleus.Enhancer] - Enhancing metodo original es.deusto.spq.server.jdo.Message.toString, cambiando el uso del campo "es.deusto.spq.server.jdo.Message.text" para utilisar "dnGettext()"
10:50:36,897 (main) DEBUG [DataNucleus.Enhancer] - Enhancing metodo original es.deusto.spq.server.jdo.Message.toString, cambiando el uso del campo "es.deusto.spq.server.jdo.Message.timestamp" para utilisar "dnGettimestamp()"
10:50:36,899 (main) DEBUG [DataNucleus.Enhancer] - Agregando el campo "org.datanucleus.enhancement.StateManager dnStateManager"
10:50:36,900 (main) DEBUG [DataNucleus.Enhancer] - Agregando el campo "byte dnFlags"
10:50:36,901 (main) DEBUG [DataNucleus.Enhancer] - Agregando el campo "[Ljava.lang.String; dnFieldNames"
10:50:36,901 (main) DEBUG [DataNucleus.Enhancer] - Agregando el campo "int dnInheritedFieldCount"
10:50:36,904 (main) DEBUG [DataNucleus.Enhancer] - Agregando el metodo "void <clinit>()"
10:50:36,907 (main) DEBUG [DataNucleus.Enhancer] - Agregando el constructor "es.deusto.spq.server.jdo.Message()"
10:50:36,910 (main) DEBUG [DataNucleus.Enhancer] - Agregando el metodo "void dnCopyKeyFieldsFromObjectId(org.datanucleus.enhancement.Persistable$ObjectIdFieldConsumer fc, java.lang.Object oid)"
10:50:36,910 (main) DEBUG [DataNucleus.Enhancer] - Agregando el metodo "void dnCopyKeyFieldsFromObjectId(java.lang.Object oid)"
10:50:36,910 (main) DEBUG [DataNucleus.Enhancer] - Agregando el metodo "void dnCopyKeyFieldsToObjectId(java.lang.Object oid)"
10:50:36,912 (main) DEBUG [DataNucleus.Enhancer] - Agregando el metodo "void dnCopyKeyFieldsToObjectId(org.datanucleus.enhancement.Persistable$ObjectIdFieldSupplier fs, java.lang.Object oid)"
10:50:36,916 (main) DEBUG [DataNucleus.Enhancer] - Agregando el metodo "java.lang.Object dnGetObjectId()"
10:50:36,919 (main) DEBUG [DataNucleus.Enhancer] - Agregando el metodo "java.lang.Object dnGetVersion()"
10:50:36,920 (main) DEBUG [DataNucleus.Enhancer] - Agregando el metodo "void dnPreSerialize()"
10:50:36,923 (main) DEBUG [DataNucleus.Enhancer] - Agregando el metodo "org.datanucleus.enhancement.ExecutionContextReference dnGetExecutionContext()"
10:50:36,924 (main) DEBUG [DataNucleus.Enhancer] - Agregando el metodo "org.datanucleus.enhancement.StateManager dnGetStateManager()"
10:50:36,925 (main) DEBUG [DataNucleus.Enhancer] - Agregando el metodo "java.lang.Object dnGetTransactionalObjectId()"
10:50:36,927 (main) DEBUG [DataNucleus.Enhancer] - Agregando el metodo "boolean dnIsDeleted()"
10:50:36,928 (main) DEBUG [DataNucleus.Enhancer] - Agregando el metodo "boolean dnIsDirty()"
10:50:36,929 (main) DEBUG [DataNucleus.Enhancer] - Agregando el metodo "boolean dnIsNew()"
10:50:36,930 (main) DEBUG [DataNucleus.Enhancer] - Agregando el metodo "boolean dnIsPersistent()"
10:50:36,931 (main) DEBUG [DataNucleus.Enhancer] - Agregando el metodo "boolean dnIsTransactional()"
10:50:36,934 (main) DEBUG [DataNucleus.Enhancer] - Agregando el metodo "void dnMakeDirty(java.lang.String fieldName)"
10:50:36,935 (main) DEBUG [DataNucleus.Enhancer] - Agregando el metodo "java.lang.Object dnNewObjectIdInstance()"
10:50:36,936 (main) DEBUG [DataNucleus.Enhancer] - Agregando el metodo "java.lang.Object dnNewObjectIdInstance(java.lang.Object key)"
10:50:36,937 (main) DEBUG [DataNucleus.Enhancer] - Agregando el metodo "void dnProvideFields([I indices)"
10:50:36,938 (main) DEBUG [DataNucleus.Enhancer] - Agregando el metodo "void dnReplaceFields([I indices)"
10:50:36,939 (main) DEBUG [DataNucleus.Enhancer] - Agregando el metodo "void dnReplaceFlags()"
10:50:36,941 (main) DEBUG [DataNucleus.Enhancer] - Agregando el metodo "void dnReplaceStateManager(org.datanucleus.enhancement.StateManager sm)"
10:50:36,941 (main) DEBUG [DataNucleus.Enhancer] - Agregando el metodo "boolean dnIsDetached()"
10:50:36,942 (main) DEBUG [DataNucleus.Enhancer] - Agregando el metodo "org.datanucleus.enhancement.Persistable dnNewInstance(org.datanucleus.enhancement.StateManager sm)"
10:50:36,943 (main) DEBUG [DataNucleus.Enhancer] - Agregando el metodo "org.datanucleus.enhancement.Persistable dnNewInstance(org.datanucleus.enhancement.StateManager sm, java.lang.Object obj)"
10:50:36,947 (main) DEBUG [DataNucleus.Enhancer] - Agregando el metodo "void dnReplaceField(int index)"
10:50:36,951 (main) DEBUG [DataNucleus.Enhancer] - Agregando el metodo "void dnProvideField(int index)"
10:50:36,952 (main) DEBUG [DataNucleus.Enhancer] - Agregando el metodo "void dnCopyField(es.deusto.spq.server.jdo.Message obj, int index)"
10:50:36,954 (main) DEBUG [DataNucleus.Enhancer] - Agregando el metodo "void dnCopyFields(java.lang.Object obj, [I indices)"
10:50:36,954 (main) DEBUG [DataNucleus.Enhancer] - Agregando el metodo "[Ljava.lang.String; __dnFieldNamesInit()"
10:50:36,954 (main) DEBUG [DataNucleus.Enhancer] - Agregando el metodo "int __dnGetInheritedFieldCount()"
10:50:36,955 (main) DEBUG [DataNucleus.Enhancer] - Agregando el metodo "int dnGetManagedFieldCount()"
10:50:36,957 (main) DEBUG [DataNucleus.Enhancer] - Agregando el metodo "java.lang.Class ___dn$loadClass(java.lang.String className)"
10:50:36,961 (main) DEBUG [DataNucleus.Enhancer] - Agregando el metodo "java.lang.String dnGettext(es.deusto.spq.server.jdo.Message objPC)"
10:50:36,965 (main) DEBUG [DataNucleus.Enhancer] - Agregando el metodo "void dnSettext(es.deusto.spq.server.jdo.Message objPC, java.lang.String val)"
10:50:36,966 (main) DEBUG [DataNucleus.Enhancer] - Agregando el metodo "long dnGettimestamp(es.deusto.spq.server.jdo.Message objPC)"
10:50:36,967 (main) DEBUG [DataNucleus.Enhancer] - Agregando el metodo "void dnSettimestamp(es.deusto.spq.server.jdo.Message objPC, long val)"
10:50:36,971 (main) DEBUG [DataNucleus.Enhancer] - Agregando el metodo "es.deusto.spq.server.jdo.User dnGetuser(es.deusto.spq.server.jdo.Message objPC)"
10:50:36,973 (main) DEBUG [DataNucleus.Enhancer] - Agregando el metodo "void dnSetuser(es.deusto.spq.server.jdo.Message objPC, es.deusto.spq.server.jdo.User val)"
10:50:36,976 (main) INFO  [DataNucleus.Enhancer] - Escribiendo el archivo de clase "C:\Users\josur\Documents\clase\maven-examples\example-jersey-jdo-mysql\target\classes\es\deusto\spq\server\jdo\Message.class" con definicion enhanced
10:50:36,979 (main) INFO  [DataNucleus.Enhancer] - ENHANCED (Persistable) : es.deusto.spq.server.jdo.Message
10:50:36,980 (main) DEBUG [DataNucleus.Enhancer] - Enhance de la clase "es.deusto.spq.server.jdo.Message" ha terminado
10:50:36,981 (main) DEBUG [DataNucleus.Enhancer] - Enhance de la clase "es.deusto.spq.server.jdo.User" empezando ...
10:50:36,986 (main) DEBUG [DataNucleus.Enhancer] - La clase "es.deusto.spq.server.jdo.User" no implementa el interfaz "org.datanucleus.enhancement.Persistable"!
10:50:36,986 (main) DEBUG [DataNucleus.Enhancer] - La clase "es.deusto.spq.server.jdo.User" no tiene el campo "dnStateManager" pero lo necesita
10:50:36,986 (main) DEBUG [DataNucleus.Enhancer] - La clase "es.deusto.spq.server.jdo.User" no tiene el campo "dnInheritedFieldCount" pero lo necesita
10:50:36,986 (main) DEBUG [DataNucleus.Enhancer] - La clase "es.deusto.spq.server.jdo.User" no tiene el campo "dnFlags" pero lo necesita
10:50:36,987 (main) DEBUG [DataNucleus.Enhancer] - La clase "es.deusto.spq.server.jdo.User" no tiene el campo "dnFieldNames" pero lo necesita
10:50:36,987 (main) DEBUG [DataNucleus.Enhancer] - La clase "es.deusto.spq.server.jdo.User" no tiene el metodo "dnReplaceField" pero lo necesita
10:50:36,987 (main) DEBUG [DataNucleus.Enhancer] - La clase "es.deusto.spq.server.jdo.User" no tiene el metodo "dnGetStateManager" pero lo necesita
10:50:36,987 (main) DEBUG [DataNucleus.Enhancer] - La clase "es.deusto.spq.server.jdo.User" no tiene el metodo "dnIsTransactional" pero lo necesita
10:50:36,987 (main) DEBUG [DataNucleus.Enhancer] - La clase "es.deusto.spq.server.jdo.User" no tiene el metodo "dnNewInstance" pero lo necesita
10:50:36,987 (main) DEBUG [DataNucleus.Enhancer] - La clase "es.deusto.spq.server.jdo.User" no tiene el metodo "dnNewInstance" pero lo necesita
10:50:36,988 (main) DEBUG [DataNucleus.Enhancer] - La clase "es.deusto.spq.server.jdo.User" no tiene el metodo "dnProvideFields" pero lo necesita
10:50:36,988 (main) DEBUG [DataNucleus.Enhancer] - La clase "es.deusto.spq.server.jdo.User" no tiene el metodo "___dn$loadClass" pero lo necesita
10:50:36,988 (main) DEBUG [DataNucleus.Enhancer] - La clase "es.deusto.spq.server.jdo.User" no tiene el metodo "dnGetManagedFieldCount" pero lo necesita
10:50:36,988 (main) DEBUG [DataNucleus.Enhancer] - La clase "es.deusto.spq.server.jdo.User" no tiene el metodo "dnIsDirty" pero lo necesita
10:50:36,988 (main) DEBUG [DataNucleus.Enhancer] - La clase "es.deusto.spq.server.jdo.User" no tiene el metodo "dnReplaceStateManager" pero lo necesita
10:50:36,988 (main) DEBUG [DataNucleus.Enhancer] - La clase "es.deusto.spq.server.jdo.User" no tiene el metodo "dnReplaceFlags" pero lo necesita
10:50:36,988 (main) DEBUG [DataNucleus.Enhancer] - La clase "es.deusto.spq.server.jdo.User" no tiene el metodo "dnIsDetached" pero lo necesita
10:50:36,989 (main) DEBUG [DataNucleus.Enhancer] - La clase "es.deusto.spq.server.jdo.User" no tiene el metodo "dnMakeDirty" pero lo necesita
10:50:36,989 (main) DEBUG [DataNucleus.Enhancer] - La clase "es.deusto.spq.server.jdo.User" no tiene el metodo "dnIsDeleted" pero lo necesita
10:50:36,989 (main) DEBUG [DataNucleus.Enhancer] - La clase "es.deusto.spq.server.jdo.User" no tiene el metodo "dnProvideField" pero lo necesita
10:50:36,989 (main) DEBUG [DataNucleus.Enhancer] - La clase "es.deusto.spq.server.jdo.User" no tiene el metodo "dnPreSerialize" pero lo necesita
10:50:36,989 (main) DEBUG [DataNucleus.Enhancer] - La clase "es.deusto.spq.server.jdo.User" no tiene el metodo "dnGetObjectId" pero lo necesita
10:50:36,989 (main) DEBUG [DataNucleus.Enhancer] - La clase "es.deusto.spq.server.jdo.User" no tiene el metodo "dnGetVersion" pero lo necesita
10:50:36,989 (main) DEBUG [DataNucleus.Enhancer] - La clase "es.deusto.spq.server.jdo.User" no tiene el metodo "dnGetTransactionalObjectId" pero lo necesita
10:50:36,990 (main) DEBUG [DataNucleus.Enhancer] - La clase "es.deusto.spq.server.jdo.User" no tiene el metodo "dnIsNew" pero lo necesita
10:50:36,990 (main) DEBUG [DataNucleus.Enhancer] - La clase "es.deusto.spq.server.jdo.User" no tiene el metodo "dnCopyKeyFieldsToObjectId" pero lo necesita
10:50:36,990 (main) DEBUG [DataNucleus.Enhancer] - La clase "es.deusto.spq.server.jdo.User" no tiene el metodo "dnCopyKeyFieldsToObjectId" pero lo necesita
10:50:36,991 (main) DEBUG [DataNucleus.Enhancer] - La clase "es.deusto.spq.server.jdo.User" no tiene el metodo "dnCopyField" pero lo necesita
10:50:36,993 (main) DEBUG [DataNucleus.Enhancer] - La clase "es.deusto.spq.server.jdo.User" no tiene el metodo "dnCopyKeyFieldsFromObjectId" pero lo necesita
10:50:37,000 (main) DEBUG [DataNucleus.Enhancer] - La clase "es.deusto.spq.server.jdo.User" no tiene el metodo "dnCopyKeyFieldsFromObjectId" pero lo necesita
10:50:37,004 (main) DEBUG [DataNucleus.Enhancer] - La clase "es.deusto.spq.server.jdo.User" no tiene el metodo "dnGetExecutionContext" pero lo necesita
10:50:37,004 (main) DEBUG [DataNucleus.Enhancer] - La clase "es.deusto.spq.server.jdo.User" no tiene el metodo "dnCopyFields" pero lo necesita
10:50:37,007 (main) DEBUG [DataNucleus.Enhancer] - La clase "es.deusto.spq.server.jdo.User" no tiene el metodo "__dnGetInheritedFieldCount" pero lo necesita
10:50:37,008 (main) DEBUG [DataNucleus.Enhancer] - La clase "es.deusto.spq.server.jdo.User" no tiene el metodo "dnNewObjectIdInstance" pero lo necesita
10:50:37,009 (main) DEBUG [DataNucleus.Enhancer] - La clase "es.deusto.spq.server.jdo.User" no tiene el metodo "dnNewObjectIdInstance" pero lo necesita
10:50:37,010 (main) DEBUG [DataNucleus.Enhancer] - La clase "es.deusto.spq.server.jdo.User" no tiene el metodo "dnIsPersistent" pero lo necesita
10:50:37,011 (main) DEBUG [DataNucleus.Enhancer] - La clase "es.deusto.spq.server.jdo.User" no tiene el metodo "dnReplaceFields" pero lo necesita
10:50:37,011 (main) DEBUG [DataNucleus.Enhancer] - La clase "es.deusto.spq.server.jdo.User" no tiene el metodo "__dnFieldNamesInit" pero lo necesita
10:50:37,015 (main) DEBUG [DataNucleus.Enhancer] - Agregando el interfaz: org.datanucleus.enhancement.Persistable
10:50:37,016 (main) DEBUG [DataNucleus.Enhancer] - Enhancing metodo original es.deusto.spq.server.jdo.User.<init> : ignorando enhance de set del campo "es.deusto.spq.server.jdo.User.login"
10:50:37,017 (main) DEBUG [DataNucleus.Enhancer] - Enhancing metodo original es.deusto.spq.server.jdo.User.<init> : ignorando enhance de set del campo "es.deusto.spq.server.jdo.User.password"
10:50:37,017 (main) DEBUG [DataNucleus.Enhancer] - Enhancing metodo original es.deusto.spq.server.jdo.User.<init> : ignorando enhance de set del campo "es.deusto.spq.server.jdo.User.messages"
10:50:37,017 (main) DEBUG [DataNucleus.Enhancer] - Enhancing metodo original es.deusto.spq.server.jdo.User.<init> : ignorando enhance de set del campo "es.deusto.spq.server.jdo.User.login"
10:50:37,017 (main) DEBUG [DataNucleus.Enhancer] - Enhancing metodo original es.deusto.spq.server.jdo.User.<init> : ignorando enhance de set del campo "es.deusto.spq.server.jdo.User.password"
10:50:37,018 (main) DEBUG [DataNucleus.Enhancer] - Enhancing metodo original es.deusto.spq.server.jdo.User.addMessage, cambiando el uso del campo "es.deusto.spq.server.jdo.User.messages" para utilisar "dnGetmessages()"
10:50:37,019 (main) DEBUG [DataNucleus.Enhancer] - Enhancing metodo original es.deusto.spq.server.jdo.User.removeMessage, cambiando el uso del campo "es.deusto.spq.server.jdo.User.messages" para utilisar "dnGetmessages()"
10:50:37,019 (main) DEBUG [DataNucleus.Enhancer] - Enhancing metodo original es.deusto.spq.server.jdo.User.getLogin, cambiando el uso del campo "es.deusto.spq.server.jdo.User.login" para utilisar "dnGetlogin()"
10:50:37,020 (main) DEBUG [DataNucleus.Enhancer] - Enhancing metodo original es.deusto.spq.server.jdo.User.getPassword, cambiando el uso del campo "es.deusto.spq.server.jdo.User.password" para utilisar "dnGetpassword()"
10:50:37,021 (main) DEBUG [DataNucleus.Enhancer] - Enhancing metodo original es.deusto.spq.server.jdo.User.setPassword, cambiando el uso del campo "es.deusto.spq.server.jdo.User.password" para utilisar "dnSetpassword()"
10:50:37,022 (main) DEBUG [DataNucleus.Enhancer] - Enhancing metodo original es.deusto.spq.server.jdo.User.getMessages, cambiando el uso del campo "es.deusto.spq.server.jdo.User.messages" para utilisar "dnGetmessages()"
10:50:37,022 (main) DEBUG [DataNucleus.Enhancer] - Enhancing metodo original es.deusto.spq.server.jdo.User.toString, cambiando el uso del campo "es.deusto.spq.server.jdo.User.messages" para utilisar "dnGetmessages()"
10:50:37,023 (main) DEBUG [DataNucleus.Enhancer] - Enhancing metodo original es.deusto.spq.server.jdo.User.toString, cambiando el uso del campo "es.deusto.spq.server.jdo.User.login" para utilisar "dnGetlogin()"
10:50:37,024 (main) DEBUG [DataNucleus.Enhancer] - Enhancing metodo original es.deusto.spq.server.jdo.User.toString, cambiando el uso del campo "es.deusto.spq.server.jdo.User.password" para utilisar "dnGetpassword()"
10:50:37,024 (main) DEBUG [DataNucleus.Enhancer] - Agregando el campo "org.datanucleus.enhancement.StateManager dnStateManager"
10:50:37,024 (main) DEBUG [DataNucleus.Enhancer] - Agregando el campo "byte dnFlags"
10:50:37,025 (main) DEBUG [DataNucleus.Enhancer] - Agregando el campo "[Ljava.lang.String; dnFieldNames"
10:50:37,025 (main) DEBUG [DataNucleus.Enhancer] - Agregando el campo "int dnInheritedFieldCount"
10:50:37,025 (main) DEBUG [DataNucleus.Enhancer] - Agregando el metodo "void <clinit>()"
10:50:37,026 (main) DEBUG [DataNucleus.Enhancer] - Agregando el constructor "es.deusto.spq.server.jdo.User()"
10:50:37,027 (main) DEBUG [DataNucleus.Enhancer] - Agregando el metodo "void dnCopyKeyFieldsFromObjectId(org.datanucleus.enhancement.Persistable$ObjectIdFieldConsumer fc, java.lang.Object oid)"
10:50:37,029 (main) DEBUG [DataNucleus.Enhancer] - Agregando el metodo "void dnCopyKeyFieldsFromObjectId(java.lang.Object oid)"
10:50:37,030 (main) DEBUG [DataNucleus.Enhancer] - Agregando el metodo "void dnCopyKeyFieldsToObjectId(java.lang.Object oid)"
10:50:37,032 (main) DEBUG [DataNucleus.Enhancer] - Agregando el metodo "void dnCopyKeyFieldsToObjectId(org.datanucleus.enhancement.Persistable$ObjectIdFieldSupplier fs, java.lang.Object oid)"
10:50:37,034 (main) DEBUG [DataNucleus.Enhancer] - Agregando el metodo "java.lang.Object dnGetObjectId()"
10:50:37,034 (main) DEBUG [DataNucleus.Enhancer] - Agregando el metodo "java.lang.Object dnGetVersion()"
10:50:37,034 (main) DEBUG [DataNucleus.Enhancer] - Agregando el metodo "void dnPreSerialize()"
10:50:37,035 (main) DEBUG [DataNucleus.Enhancer] - Agregando el metodo "org.datanucleus.enhancement.ExecutionContextReference dnGetExecutionContext()"
10:50:37,036 (main) DEBUG [DataNucleus.Enhancer] - Agregando el metodo "org.datanucleus.enhancement.StateManager dnGetStateManager()"
10:50:37,036 (main) DEBUG [DataNucleus.Enhancer] - Agregando el metodo "java.lang.Object dnGetTransactionalObjectId()"
10:50:37,038 (main) DEBUG [DataNucleus.Enhancer] - Agregando el metodo "boolean dnIsDeleted()"
10:50:37,039 (main) DEBUG [DataNucleus.Enhancer] - Agregando el metodo "boolean dnIsDirty()"
10:50:37,039 (main) DEBUG [DataNucleus.Enhancer] - Agregando el metodo "boolean dnIsNew()"
10:50:37,040 (main) DEBUG [DataNucleus.Enhancer] - Agregando el metodo "boolean dnIsPersistent()"
10:50:37,041 (main) DEBUG [DataNucleus.Enhancer] - Agregando el metodo "boolean dnIsTransactional()"
10:50:37,041 (main) DEBUG [DataNucleus.Enhancer] - Agregando el metodo "void dnMakeDirty(java.lang.String fieldName)"
10:50:37,043 (main) DEBUG [DataNucleus.Enhancer] - Agregando el metodo "java.lang.Object dnNewObjectIdInstance()"
10:50:37,046 (main) DEBUG [DataNucleus.Enhancer] - Agregando el metodo "java.lang.Object dnNewObjectIdInstance(java.lang.Object key)"
10:50:37,047 (main) DEBUG [DataNucleus.Enhancer] - Agregando el metodo "void dnProvideFields([I indices)"
10:50:37,048 (main) DEBUG [DataNucleus.Enhancer] - Agregando el metodo "void dnReplaceFields([I indices)"
10:50:37,049 (main) DEBUG [DataNucleus.Enhancer] - Agregando el metodo "void dnReplaceFlags()"
10:50:37,049 (main) DEBUG [DataNucleus.Enhancer] - Agregando el metodo "void dnReplaceStateManager(org.datanucleus.enhancement.StateManager sm)"
10:50:37,050 (main) DEBUG [DataNucleus.Enhancer] - Agregando el metodo "boolean dnIsDetached()"
10:50:37,050 (main) DEBUG [DataNucleus.Enhancer] - Agregando el metodo "org.datanucleus.enhancement.Persistable dnNewInstance(org.datanucleus.enhancement.StateManager sm)"
10:50:37,051 (main) DEBUG [DataNucleus.Enhancer] - Agregando el metodo "org.datanucleus.enhancement.Persistable dnNewInstance(org.datanucleus.enhancement.StateManager sm, java.lang.Object obj)"
10:50:37,051 (main) DEBUG [DataNucleus.Enhancer] - Agregando el metodo "void dnReplaceField(int index)"
10:50:37,052 (main) DEBUG [DataNucleus.Enhancer] - Agregando el metodo "void dnProvideField(int index)"
10:50:37,053 (main) DEBUG [DataNucleus.Enhancer] - Agregando el metodo "void dnCopyField(es.deusto.spq.server.jdo.User obj, int index)"
10:50:37,054 (main) DEBUG [DataNucleus.Enhancer] - Agregando el metodo "void dnCopyFields(java.lang.Object obj, [I indices)"
10:50:37,054 (main) DEBUG [DataNucleus.Enhancer] - Agregando el metodo "[Ljava.lang.String; __dnFieldNamesInit()"
10:50:37,054 (main) DEBUG [DataNucleus.Enhancer] - Agregando el metodo "int __dnGetInheritedFieldCount()"
10:50:37,054 (main) DEBUG [DataNucleus.Enhancer] - Agregando el metodo "int dnGetManagedFieldCount()"
10:50:37,055 (main) DEBUG [DataNucleus.Enhancer] - Agregando el metodo "java.lang.Class ___dn$loadClass(java.lang.String className)"
10:50:37,056 (main) DEBUG [DataNucleus.Enhancer] - Agregando el metodo "java.lang.String dnGetlogin(es.deusto.spq.server.jdo.User objPC)"
10:50:37,056 (main) DEBUG [DataNucleus.Enhancer] - Agregando el metodo "void dnSetlogin(es.deusto.spq.server.jdo.User objPC, java.lang.String val)"
10:50:37,057 (main) DEBUG [DataNucleus.Enhancer] - Agregando el metodo "java.util.Set dnGetmessages(es.deusto.spq.server.jdo.User objPC)"
10:50:37,057 (main) DEBUG [DataNucleus.Enhancer] - Agregando el metodo "void dnSetmessages(es.deusto.spq.server.jdo.User objPC, java.util.Set val)"
10:50:37,058 (main) DEBUG [DataNucleus.Enhancer] - Agregando el metodo "java.lang.String dnGetpassword(es.deusto.spq.server.jdo.User objPC)"
10:50:37,058 (main) DEBUG [DataNucleus.Enhancer] - Agregando el metodo "void dnSetpassword(es.deusto.spq.server.jdo.User objPC, java.lang.String val)"
10:50:37,060 (main) INFO  [DataNucleus.Enhancer] - Escribiendo el archivo de clase "C:\Users\josur\Documents\clase\maven-examples\example-jersey-jdo-mysql\target\classes\es\deusto\spq\server\jdo\User.class" con definicion enhanced
10:50:37,064 (main) INFO  [DataNucleus.Enhancer] - ENHANCED (Persistable) : es.deusto.spq.server.jdo.User
10:50:37,067 (main) DEBUG [DataNucleus.Enhancer] - Enhance de la clase "es.deusto.spq.server.jdo.User" ha terminado
10:50:37,099 (main) INFO  [DataNucleus.Enhancer] - DataNucleus Enhancer ha terminado con exito para 2 clases. Tiempos : input=459 ms, enhance=334 ms, total=793 ms. Compruebe el LOG para los detalles
